<html>
<body>
<pre>
<h1>ตVision Build Log</h1>
<h2>Project:</h2>
C:\Documents and Settings\Administrator\ืภรๆ\51ฒฟทึสตั้ณฬะ๒\สตั้สฎฮๅ    DS1302ศีภ๚สฑึำสตั้\สตั้สฎฮๅ    DS1302ศีภ๚สฑึำสตั้.uvproj
Project File Date:  <unknown>

<h2>Output:</h2>
Build target 'Target 1'
compiling สตั้สฎฮๅ    DS1302ศีภ๚สฑึำสตั้.c...
สตั้สฎฮๅ    DS1302ศีภ๚สฑึำสตั้.c(18): warning C318: can't open file 'AT89S51.H'
สตั้สฎฮๅ    DS1302ศีภ๚สฑึำสตั้.C(24): error C202: 'P1': undefined identifier
สตั้สฎฮๅ    DS1302ศีภ๚สฑึำสตั้.C(25): error C202: 'P1': undefined identifier
สตั้สฎฮๅ    DS1302ศีภ๚สฑึำสตั้.C(26): error C202: 'P1': undefined identifier
สตั้สฎฮๅ    DS1302ศีภ๚สฑึำสตั้.C(27): error C202: 'P1': undefined identifier
สตั้สฎฮๅ    DS1302ศีภ๚สฑึำสตั้.C(29): error C202: 'P3': undefined identifier
สตั้สฎฮๅ    DS1302ศีภ๚สฑึำสตั้.C(30): error C202: 'P3': undefined identifier
สตั้สฎฮๅ    DS1302ศีภ๚สฑึำสตั้.C(31): error C202: 'P3': undefined identifier
สตั้สฎฮๅ    DS1302ศีภ๚สฑึำสตั้.C(32): error C202: 'ACC': undefined identifier
สตั้สฎฮๅ    DS1302ศีภ๚สฑึำสตั้.C(33): error C202: 'ACC': undefined identifier
สตั้สฎฮๅ    DS1302ศีภ๚สฑึำสตั้.C(34): error C202: 'P2': undefined identifier
สตั้สฎฮๅ    DS1302ศีภ๚สฑึำสตั้.C(35): error C202: 'P2': undefined identifier
สตั้สฎฮๅ    DS1302ศีภ๚สฑึำสตั้.C(50): error C202: 'ACC': undefined identifier
สตั้สฎฮๅ    DS1302ศีภ๚สฑึำสตั้.C(53): error C202: 'DS1302_IO': undefined identifier
สตั้สฎฮๅ    DS1302ศีภ๚สฑึำสตั้.C(54): error C202: 'DS1302_CLK': undefined identifier
สตั้สฎฮๅ    DS1302ศีภ๚สฑึำสตั้.C(55): error C202: 'DS1302_CLK': undefined identifier
สตั้สฎฮๅ    DS1302ศีภ๚สฑึำสตั้.C(56): error C202: 'ACC': undefined identifier
สตั้สฎฮๅ    DS1302ศีภ๚สฑึำสตั้.C(65): error C202: 'ACC': undefined identifier
สตั้สฎฮๅ    DS1302ศีภ๚สฑึำสตั้.C(66): error C202: 'ACC7': undefined identifier
สตั้สฎฮๅ    DS1302ศีภ๚สฑึำสตั้.C(67): error C202: 'DS1302_CLK': undefined identifier
สตั้สฎฮๅ    DS1302ศีภ๚สฑึำสตั้.C(68): error C202: 'DS1302_CLK': undefined identifier
สตั้สฎฮๅ    DS1302ศีภ๚สฑึำสตั้.C(70): error C202: 'ACC': undefined identifier
สตั้สฎฮๅ    DS1302ศีภ๚สฑึำสตั้.C(75): error C202: 'DS1302_RST': undefined identifier
สตั้สฎฮๅ    DS1302ศีภ๚สฑึำสตั้.C(76): error C202: 'DS1302_CLK': undefined identifier
สตั้สฎฮๅ    DS1302ศีภ๚สฑึำสตั้.C(77): error C202: 'DS1302_RST': undefined identifier
สตั้สฎฮๅ    DS1302ศีภ๚สฑึำสตั้.C(80): error C202: 'DS1302_CLK': undefined identifier
สตั้สฎฮๅ    DS1302ศีภ๚สฑึำสตั้.C(81): error C202: 'DS1302_RST': undefined identifier
สตั้สฎฮๅ    DS1302ศีภ๚สฑึำสตั้.C(87): error C202: 'DS1302_RST': undefined identifier
สตั้สฎฮๅ    DS1302ศีภ๚สฑึำสตั้.C(88): error C202: 'DS1302_CLK': undefined identifier
สตั้สฎฮๅ    DS1302ศีภ๚สฑึำสตั้.C(89): error C202: 'DS1302_RST': undefined identifier
สตั้สฎฮๅ    DS1302ศีภ๚สฑึำสตั้.C(92): error C202: 'DS1302_CLK': undefined identifier
สตั้สฎฮๅ    DS1302ศีภ๚สฑึำสตั้.C(93): error C202: 'DS1302_RST': undefined identifier
สตั้สฎฮๅ    DS1302ศีภ๚สฑึำสตั้.C(106): error C202: 'P1': undefined identifier
สตั้สฎฮๅ    DS1302ศีภ๚สฑึำสตั้.C(109): error C202: 'P0': undefined identifier
สตั้สฎฮๅ    DS1302ศีภ๚สฑึำสตั้.C(110): error C202: 'c1': undefined identifier
สตั้สฎฮๅ    DS1302ศีภ๚สฑึำสตั้.C(112): error C202: 'c1': undefined identifier
สตั้สฎฮๅ    DS1302ศีภ๚สฑึำสตั้.C(115): error C202: 'P0': undefined identifier
สตั้สฎฮๅ    DS1302ศีภ๚สฑึำสตั้.C(116): error C202: 'c2': undefined identifier
สตั้สฎฮๅ    DS1302ศีภ๚สฑึำสตั้.C(118): error C202: 'c2': undefined identifier
สตั้สฎฮๅ    DS1302ศีภ๚สฑึำสตั้.C(121): error C202: 'P0': undefined identifier
สตั้สฎฮๅ    DS1302ศีภ๚สฑึำสตั้.C(122): error C202: 'c3': undefined identifier
สตั้สฎฮๅ    DS1302ศีภ๚สฑึำสตั้.C(124): error C202: 'c3': undefined identifier
สตั้สฎฮๅ    DS1302ศีภ๚สฑึำสตั้.C(126): error C202: 'P0': undefined identifier
สตั้สฎฮๅ    DS1302ศีภ๚สฑึำสตั้.C(127): error C202: 'c4': undefined identifier
สตั้สฎฮๅ    DS1302ศีภ๚สฑึำสตั้.C(129): error C202: 'c4': undefined identifier
สตั้สฎฮๅ    DS1302ศีภ๚สฑึำสตั้.C(132): error C202: 'P0': undefined identifier
สตั้สฎฮๅ    DS1302ศีภ๚สฑึำสตั้.C(133): error C202: 'c1': undefined identifier
สตั้สฎฮๅ    DS1302ศีภ๚สฑึำสตั้.C(135): error C202: 'c1': undefined identifier
สตั้สฎฮๅ    DS1302ศีภ๚สฑึำสตั้.C(138): error C202: 'P0': undefined identifier
สตั้สฎฮๅ    DS1302ศีภ๚สฑึำสตั้.C(139): error C202: 'c2': undefined identifier
สตั้สฎฮๅ    DS1302ศีภ๚สฑึำสตั้.C(141): error C202: 'c2': undefined identifier
สตั้สฎฮๅ    DS1302ศีภ๚สฑึำสตั้.C(144): error C202: 'P0': undefined identifier
สตั้สฎฮๅ    DS1302ศีภ๚สฑึำสตั้.C(145): error C202: 'c3': undefined identifier
สตั้สฎฮๅ    DS1302ศีภ๚สฑึำสตั้.C(147): error C202: 'c3': undefined identifier
สตั้สฎฮๅ    DS1302ศีภ๚สฑึำสตั้.C(149): error C202: 'P0': undefined identifier
สตั้สฎฮๅ    DS1302ศีภ๚สฑึำสตั้.C(150): error C202: 'c4': undefined identifier
สตั้สฎฮๅ    DS1302ศีภ๚สฑึำสตั้.C(152): error C202: 'c4': undefined identifier
สตั้สฎฮๅ    DS1302ศีภ๚สฑึำสตั้.C(194): error C202: 'Key': undefined identifier
สตั้สฎฮๅ    DS1302ศีภ๚สฑึำสตั้.C(197): error C202: 'Key': undefined identifier
สตั้สฎฮๅ    DS1302ศีภ๚สฑึำสตั้.C(208): error C202: 'Keyend': undefined identifier
Target not created
Build target 'Target 1'
compiling สตั้สฎฮๅ    DS1302ศีภ๚สฑึำสตั้.c...
สตั้สฎฮๅ    DS1302ศีภ๚สฑึำสตั้.c(18): warning C318: can't open file 'AT89S51.H'
สตั้สฎฮๅ    DS1302ศีภ๚สฑึำสตั้.C(24): error C202: 'P1': undefined identifier
สตั้สฎฮๅ    DS1302ศีภ๚สฑึำสตั้.C(25): error C202: 'P1': undefined identifier
สตั้สฎฮๅ    DS1302ศีภ๚สฑึำสตั้.C(26): error C202: 'P1': undefined identifier
สตั้สฎฮๅ    DS1302ศีภ๚สฑึำสตั้.C(27): error C202: 'P1': undefined identifier
สตั้สฎฮๅ    DS1302ศีภ๚สฑึำสตั้.C(29): error C202: 'P3': undefined identifier
สตั้สฎฮๅ    DS1302ศีภ๚สฑึำสตั้.C(30): error C202: 'P3': undefined identifier
สตั้สฎฮๅ    DS1302ศีภ๚สฑึำสตั้.C(31): error C202: 'P3': undefined identifier
สตั้สฎฮๅ    DS1302ศีภ๚สฑึำสตั้.C(32): error C202: 'ACC': undefined identifier
สตั้สฎฮๅ    DS1302ศีภ๚สฑึำสตั้.C(33): error C202: 'ACC': undefined identifier
สตั้สฎฮๅ    DS1302ศีภ๚สฑึำสตั้.C(34): error C202: 'P2': undefined identifier
สตั้สฎฮๅ    DS1302ศีภ๚สฑึำสตั้.C(35): error C202: 'P2': undefined identifier
สตั้สฎฮๅ    DS1302ศีภ๚สฑึำสตั้.C(50): error C202: 'ACC': undefined identifier
สตั้สฎฮๅ    DS1302ศีภ๚สฑึำสตั้.C(53): error C202: 'DS1302_IO': undefined identifier
สตั้สฎฮๅ    DS1302ศีภ๚สฑึำสตั้.C(54): error C202: 'DS1302_CLK': undefined identifier
สตั้สฎฮๅ    DS1302ศีภ๚สฑึำสตั้.C(55): error C202: 'DS1302_CLK': undefined identifier
สตั้สฎฮๅ    DS1302ศีภ๚สฑึำสตั้.C(56): error C202: 'ACC': undefined identifier
สตั้สฎฮๅ    DS1302ศีภ๚สฑึำสตั้.C(65): error C202: 'ACC': undefined identifier
สตั้สฎฮๅ    DS1302ศีภ๚สฑึำสตั้.C(66): error C202: 'ACC7': undefined identifier
สตั้สฎฮๅ    DS1302ศีภ๚สฑึำสตั้.C(67): error C202: 'DS1302_CLK': undefined identifier
สตั้สฎฮๅ    DS1302ศีภ๚สฑึำสตั้.C(68): error C202: 'DS1302_CLK': undefined identifier
สตั้สฎฮๅ    DS1302ศีภ๚สฑึำสตั้.C(70): error C202: 'ACC': undefined identifier
สตั้สฎฮๅ    DS1302ศีภ๚สฑึำสตั้.C(75): error C202: 'DS1302_RST': undefined identifier
สตั้สฎฮๅ    DS1302ศีภ๚สฑึำสตั้.C(76): error C202: 'DS1302_CLK': undefined identifier
สตั้สฎฮๅ    DS1302ศีภ๚สฑึำสตั้.C(77): error C202: 'DS1302_RST': undefined identifier
สตั้สฎฮๅ    DS1302ศีภ๚สฑึำสตั้.C(80): error C202: 'DS1302_CLK': undefined identifier
สตั้สฎฮๅ    DS1302ศีภ๚สฑึำสตั้.C(81): error C202: 'DS1302_RST': undefined identifier
สตั้สฎฮๅ    DS1302ศีภ๚สฑึำสตั้.C(87): error C202: 'DS1302_RST': undefined identifier
สตั้สฎฮๅ    DS1302ศีภ๚สฑึำสตั้.C(88): error C202: 'DS1302_CLK': undefined identifier
สตั้สฎฮๅ    DS1302ศีภ๚สฑึำสตั้.C(89): error C202: 'DS1302_RST': undefined identifier
สตั้สฎฮๅ    DS1302ศีภ๚สฑึำสตั้.C(92): error C202: 'DS1302_CLK': undefined identifier
สตั้สฎฮๅ    DS1302ศีภ๚สฑึำสตั้.C(93): error C202: 'DS1302_RST': undefined identifier
สตั้สฎฮๅ    DS1302ศีภ๚สฑึำสตั้.C(106): error C202: 'P1': undefined identifier
สตั้สฎฮๅ    DS1302ศีภ๚สฑึำสตั้.C(109): error C202: 'P0': undefined identifier
สตั้สฎฮๅ    DS1302ศีภ๚สฑึำสตั้.C(110): error C202: 'c1': undefined identifier
สตั้สฎฮๅ    DS1302ศีภ๚สฑึำสตั้.C(112): error C202: 'c1': undefined identifier
สตั้สฎฮๅ    DS1302ศีภ๚สฑึำสตั้.C(115): error C202: 'P0': undefined identifier
สตั้สฎฮๅ    DS1302ศีภ๚สฑึำสตั้.C(116): error C202: 'c2': undefined identifier
สตั้สฎฮๅ    DS1302ศีภ๚สฑึำสตั้.C(118): error C202: 'c2': undefined identifier
สตั้สฎฮๅ    DS1302ศีภ๚สฑึำสตั้.C(121): error C202: 'P0': undefined identifier
สตั้สฎฮๅ    DS1302ศีภ๚สฑึำสตั้.C(122): error C202: 'c3': undefined identifier
สตั้สฎฮๅ    DS1302ศีภ๚สฑึำสตั้.C(124): error C202: 'c3': undefined identifier
สตั้สฎฮๅ    DS1302ศีภ๚สฑึำสตั้.C(126): error C202: 'P0': undefined identifier
สตั้สฎฮๅ    DS1302ศีภ๚สฑึำสตั้.C(127): error C202: 'c4': undefined identifier
สตั้สฎฮๅ    DS1302ศีภ๚สฑึำสตั้.C(129): error C202: 'c4': undefined identifier
สตั้สฎฮๅ    DS1302ศีภ๚สฑึำสตั้.C(132): error C202: 'P0': undefined identifier
สตั้สฎฮๅ    DS1302ศีภ๚สฑึำสตั้.C(133): error C202: 'c1': undefined identifier
สตั้สฎฮๅ    DS1302ศีภ๚สฑึำสตั้.C(135): error C202: 'c1': undefined identifier
สตั้สฎฮๅ    DS1302ศีภ๚สฑึำสตั้.C(138): error C202: 'P0': undefined identifier
สตั้สฎฮๅ    DS1302ศีภ๚สฑึำสตั้.C(139): error C202: 'c2': undefined identifier
สตั้สฎฮๅ    DS1302ศีภ๚สฑึำสตั้.C(141): error C202: 'c2': undefined identifier
สตั้สฎฮๅ    DS1302ศีภ๚สฑึำสตั้.C(144): error C202: 'P0': undefined identifier
สตั้สฎฮๅ    DS1302ศีภ๚สฑึำสตั้.C(145): error C202: 'c3': undefined identifier
สตั้สฎฮๅ    DS1302ศีภ๚สฑึำสตั้.C(147): error C202: 'c3': undefined identifier
สตั้สฎฮๅ    DS1302ศีภ๚สฑึำสตั้.C(149): error C202: 'P0': undefined identifier
สตั้สฎฮๅ    DS1302ศีภ๚สฑึำสตั้.C(150): error C202: 'c4': undefined identifier
สตั้สฎฮๅ    DS1302ศีภ๚สฑึำสตั้.C(152): error C202: 'c4': undefined identifier
สตั้สฎฮๅ    DS1302ศีภ๚สฑึำสตั้.C(194): error C202: 'Key': undefined identifier
สตั้สฎฮๅ    DS1302ศีภ๚สฑึำสตั้.C(197): error C202: 'Key': undefined identifier
สตั้สฎฮๅ    DS1302ศีภ๚สฑึำสตั้.C(208): error C202: 'Keyend': undefined identifier
Target not created
Build target 'Target 1'
compiling สตั้สฎฮๅ    DS1302ศีภ๚สฑึำสตั้.c...
สตั้สฎฮๅ    DS1302ศีภ๚สฑึำสตั้.c(18): warning C318: can't open file 'AT89S51.H'
สตั้สฎฮๅ    DS1302ศีภ๚สฑึำสตั้.C(24): error C202: 'P1': undefined identifier
สตั้สฎฮๅ    DS1302ศีภ๚สฑึำสตั้.C(25): error C202: 'P1': undefined identifier
สตั้สฎฮๅ    DS1302ศีภ๚สฑึำสตั้.C(26): error C202: 'P1': undefined identifier
สตั้สฎฮๅ    DS1302ศีภ๚สฑึำสตั้.C(27): error C202: 'P1': undefined identifier
สตั้สฎฮๅ    DS1302ศีภ๚สฑึำสตั้.C(29): error C202: 'P3': undefined identifier
สตั้สฎฮๅ    DS1302ศีภ๚สฑึำสตั้.C(30): error C202: 'P3': undefined identifier
สตั้สฎฮๅ    DS1302ศีภ๚สฑึำสตั้.C(31): error C202: 'P3': undefined identifier
สตั้สฎฮๅ    DS1302ศีภ๚สฑึำสตั้.C(32): error C202: 'ACC': undefined identifier
สตั้สฎฮๅ    DS1302ศีภ๚สฑึำสตั้.C(33): error C202: 'ACC': undefined identifier
สตั้สฎฮๅ    DS1302ศีภ๚สฑึำสตั้.C(34): error C202: 'P2': undefined identifier
สตั้สฎฮๅ    DS1302ศีภ๚สฑึำสตั้.C(35): error C202: 'P2': undefined identifier
สตั้สฎฮๅ    DS1302ศีภ๚สฑึำสตั้.C(50): error C202: 'ACC': undefined identifier
สตั้สฎฮๅ    DS1302ศีภ๚สฑึำสตั้.C(53): error C202: 'DS1302_IO': undefined identifier
สตั้สฎฮๅ    DS1302ศีภ๚สฑึำสตั้.C(54): error C202: 'DS1302_CLK': undefined identifier
สตั้สฎฮๅ    DS1302ศีภ๚สฑึำสตั้.C(55): error C202: 'DS1302_CLK': undefined identifier
สตั้สฎฮๅ    DS1302ศีภ๚สฑึำสตั้.C(56): error C202: 'ACC': undefined identifier
สตั้สฎฮๅ    DS1302ศีภ๚สฑึำสตั้.C(65): error C202: 'ACC': undefined identifier
สตั้สฎฮๅ    DS1302ศีภ๚สฑึำสตั้.C(66): error C202: 'ACC7': undefined identifier
สตั้สฎฮๅ    DS1302ศีภ๚สฑึำสตั้.C(67): error C202: 'DS1302_CLK': undefined identifier
สตั้สฎฮๅ    DS1302ศีภ๚สฑึำสตั้.C(68): error C202: 'DS1302_CLK': undefined identifier
สตั้สฎฮๅ    DS1302ศีภ๚สฑึำสตั้.C(70): error C202: 'ACC': undefined identifier
สตั้สฎฮๅ    DS1302ศีภ๚สฑึำสตั้.C(75): error C202: 'DS1302_RST': undefined identifier
สตั้สฎฮๅ    DS1302ศีภ๚สฑึำสตั้.C(76): error C202: 'DS1302_CLK': undefined identifier
สตั้สฎฮๅ    DS1302ศีภ๚สฑึำสตั้.C(77): error C202: 'DS1302_RST': undefined identifier
สตั้สฎฮๅ    DS1302ศีภ๚สฑึำสตั้.C(80): error C202: 'DS1302_CLK': undefined identifier
สตั้สฎฮๅ    DS1302ศีภ๚สฑึำสตั้.C(81): error C202: 'DS1302_RST': undefined identifier
สตั้สฎฮๅ    DS1302ศีภ๚สฑึำสตั้.C(87): error C202: 'DS1302_RST': undefined identifier
สตั้สฎฮๅ    DS1302ศีภ๚สฑึำสตั้.C(88): error C202: 'DS1302_CLK': undefined identifier
สตั้สฎฮๅ    DS1302ศีภ๚สฑึำสตั้.C(89): error C202: 'DS1302_RST': undefined identifier
สตั้สฎฮๅ    DS1302ศีภ๚สฑึำสตั้.C(92): error C202: 'DS1302_CLK': undefined identifier
สตั้สฎฮๅ    DS1302ศีภ๚สฑึำสตั้.C(93): error C202: 'DS1302_RST': undefined identifier
สตั้สฎฮๅ    DS1302ศีภ๚สฑึำสตั้.C(106): error C202: 'P1': undefined identifier
สตั้สฎฮๅ    DS1302ศีภ๚สฑึำสตั้.C(109): error C202: 'P0': undefined identifier
สตั้สฎฮๅ    DS1302ศีภ๚สฑึำสตั้.C(110): error C202: 'c1': undefined identifier
สตั้สฎฮๅ    DS1302ศีภ๚สฑึำสตั้.C(112): error C202: 'c1': undefined identifier
สตั้สฎฮๅ    DS1302ศีภ๚สฑึำสตั้.C(115): error C202: 'P0': undefined identifier
สตั้สฎฮๅ    DS1302ศีภ๚สฑึำสตั้.C(116): error C202: 'c2': undefined identifier
สตั้สฎฮๅ    DS1302ศีภ๚สฑึำสตั้.C(118): error C202: 'c2': undefined identifier
สตั้สฎฮๅ    DS1302ศีภ๚สฑึำสตั้.C(121): error C202: 'P0': undefined identifier
สตั้สฎฮๅ    DS1302ศีภ๚สฑึำสตั้.C(122): error C202: 'c3': undefined identifier
สตั้สฎฮๅ    DS1302ศีภ๚สฑึำสตั้.C(124): error C202: 'c3': undefined identifier
สตั้สฎฮๅ    DS1302ศีภ๚สฑึำสตั้.C(126): error C202: 'P0': undefined identifier
สตั้สฎฮๅ    DS1302ศีภ๚สฑึำสตั้.C(127): error C202: 'c4': undefined identifier
สตั้สฎฮๅ    DS1302ศีภ๚สฑึำสตั้.C(129): error C202: 'c4': undefined identifier
สตั้สฎฮๅ    DS1302ศีภ๚สฑึำสตั้.C(132): error C202: 'P0': undefined identifier
สตั้สฎฮๅ    DS1302ศีภ๚สฑึำสตั้.C(133): error C202: 'c1': undefined identifier
สตั้สฎฮๅ    DS1302ศีภ๚สฑึำสตั้.C(135): error C202: 'c1': undefined identifier
สตั้สฎฮๅ    DS1302ศีภ๚สฑึำสตั้.C(138): error C202: 'P0': undefined identifier
สตั้สฎฮๅ    DS1302ศีภ๚สฑึำสตั้.C(139): error C202: 'c2': undefined identifier
สตั้สฎฮๅ    DS1302ศีภ๚สฑึำสตั้.C(141): error C202: 'c2': undefined identifier
สตั้สฎฮๅ    DS1302ศีภ๚สฑึำสตั้.C(144): error C202: 'P0': undefined identifier
สตั้สฎฮๅ    DS1302ศีภ๚สฑึำสตั้.C(145): error C202: 'c3': undefined identifier
สตั้สฎฮๅ    DS1302ศีภ๚สฑึำสตั้.C(147): error C202: 'c3': undefined identifier
สตั้สฎฮๅ    DS1302ศีภ๚สฑึำสตั้.C(149): error C202: 'P0': undefined identifier
สตั้สฎฮๅ    DS1302ศีภ๚สฑึำสตั้.C(150): error C202: 'c4': undefined identifier
สตั้สฎฮๅ    DS1302ศีภ๚สฑึำสตั้.C(152): error C202: 'c4': undefined identifier
สตั้สฎฮๅ    DS1302ศีภ๚สฑึำสตั้.C(194): error C202: 'Key': undefined identifier
สตั้สฎฮๅ    DS1302ศีภ๚สฑึำสตั้.C(197): error C202: 'Key': undefined identifier
สตั้สฎฮๅ    DS1302ศีภ๚สฑึำสตั้.C(208): error C202: 'Keyend': undefined identifier
Target not created
Build target 'Target 1'
compiling สตั้สฎฮๅ    DS1302ศีภ๚สฑึำสตั้.c...
linking...
Program Size: data=34.1 xdata=0 code=665
"สตั้สฎฮๅ    DS1302ศีภ๚สฑึำสตั้" - 0 Error(s), 0 Warning(s).
Build target 'Target 1'
compiling สตั้สฎฮๅ    DS1302ศีภ๚สฑึำสตั้.c...
linking...
Program Size: data=34.1 xdata=0 code=665
"สตั้สฎฮๅ    DS1302ศีภ๚สฑึำสตั้" - 0 Error(s), 0 Warning(s).
Build target 'Target 1'
compiling สตั้สฎฮๅ    DS1302ศีภ๚สฑึำสตั้.c...
linking...
Program Size: data=34.1 xdata=0 code=665
"สตั้สฎฮๅ    DS1302ศีภ๚สฑึำสตั้" - 0 Error(s), 0 Warning(s).
Build target 'Target 1'
compiling สตั้สฎฮๅ    DS1302ศีภ๚สฑึำสตั้.c...
linking...
Program Size: data=34.1 xdata=0 code=665
"สตั้สฎฮๅ    DS1302ศีภ๚สฑึำสตั้" - 0 Error(s), 0 Warning(s).
Build target 'Target 1'
compiling สตั้สฎฮๅ    DS1302ศีภ๚สฑึำสตั้.c...
linking...
Program Size: data=34.1 xdata=0 code=665
"สตั้สฎฮๅ    DS1302ศีภ๚สฑึำสตั้" - 0 Error(s), 0 Warning(s).
Build target 'Target 1'
compiling สตั้สฎฮๅ    DS1302ศีภ๚สฑึำสตั้.c...
linking...
Program Size: data=34.1 xdata=0 code=665
"สตั้สฎฮๅ    DS1302ศีภ๚สฑึำสตั้" - 0 Error(s), 0 Warning(s).
Build target 'Target 1'
compiling สตั้สฎฮๅ    DS1302ศีภ๚สฑึำสตั้.c...
linking...
Program Size: data=34.1 xdata=0 code=665
"สตั้สฎฮๅ    DS1302ศีภ๚สฑึำสตั้" - 0 Error(s), 0 Warning(s).
Build target 'Target 1'
compiling สตั้สฎฮๅ    DS1302ศีภ๚สฑึำสตั้.c...
linking...
Program Size: data=34.1 xdata=0 code=665
"สตั้สฎฮๅ    DS1302ศีภ๚สฑึำสตั้" - 0 Error(s), 0 Warning(s).
Build target 'Target 1'
compiling สตั้สฎฮๅ    DS1302ศีภ๚สฑึำสตั้.c...
linking...
Program Size: data=34.1 xdata=0 code=665
"สตั้สฎฮๅ    DS1302ศีภ๚สฑึำสตั้" - 0 Error(s), 0 Warning(s).
Build target 'Target 1'
compiling สตั้สฎฮๅ    DS1302ศีภ๚สฑึำสตั้.c...
linking...
Program Size: data=34.1 xdata=0 code=665
creating hex file from "สตั้สฎฮๅ    DS1302ศีภ๚สฑึำสตั้"...
"สตั้สฎฮๅ    DS1302ศีภ๚สฑึำสตั้" - 0 Error(s), 0 Warning(s).
Build target 'Target 1'
compiling สตั้สฎฮๅ    DS1302ศีภ๚สฑึำสตั้.c...
linking...
Program Size: data=34.1 xdata=0 code=601
creating hex file from "สตั้สฎฮๅ    DS1302ศีภ๚สฑึำสตั้"...
"สตั้สฎฮๅ    DS1302ศีภ๚สฑึำสตั้" - 0 Error(s), 0 Warning(s).
Build target 'Target 1'
compiling สตั้สฎฮๅ    DS1302ศีภ๚สฑึำสตั้.c...
linking...
Program Size: data=34.1 xdata=0 code=601
creating hex file from "สตั้สฎฮๅ    DS1302ศีภ๚สฑึำสตั้"...
"สตั้สฎฮๅ    DS1302ศีภ๚สฑึำสตั้" - 0 Error(s), 0 Warning(s).
Build target 'Target 1'
compiling สตั้สฎฮๅ    DS1302ศีภ๚สฑึำสตั้.c...
linking...
Program Size: data=34.1 xdata=0 code=604
creating hex file from "สตั้สฎฮๅ    DS1302ศีภ๚สฑึำสตั้"...
"สตั้สฎฮๅ    DS1302ศีภ๚สฑึำสตั้" - 0 Error(s), 0 Warning(s).
Build target 'Target 1'
compiling สตั้สฎฮๅ    DS1302ศีภ๚สฑึำสตั้.c...
linking...
Program Size: data=34.1 xdata=0 code=604
creating hex file from "สตั้สฎฮๅ    DS1302ศีภ๚สฑึำสตั้"...
"สตั้สฎฮๅ    DS1302ศีภ๚สฑึำสตั้" - 0 Error(s), 0 Warning(s).
Build target 'Target 1'
compiling สตั้สฎฮๅ    DS1302ศีภ๚สฑึำสตั้.c...
สตั้สฎฮๅ    DS1302ศีภ๚สฑึำสตั้.C(172): warning C206: 'KeyCtrl': missing function-prototype
linking...
*** WARNING L1: UNRESOLVED EXTERNAL SYMBOL
    SYMBOL:  KEYCTRL
    MODULE:  สตั้สฎฮๅ    DS1302ศีภ๚สฑึำสตั้.obj (สตั้สฎฮๅ____DS1302ศีภ_สฑ_ำสตั้)
*** WARNING L2: REFERENCE MADE TO UNRESOLVED EXTERNAL
    SYMBOL:  KEYCTRL
    MODULE:  สตั้สฎฮๅ    DS1302ศีภ๚สฑึำสตั้.obj (สตั้สฎฮๅ____DS1302ศีภ_สฑ_ำสตั้)
    ADDRESS: 09DBH
Program Size: data=34.1 xdata=0 code=580
creating hex file from "สตั้สฎฮๅ    DS1302ศีภ๚สฑึำสตั้"...
"สตั้สฎฮๅ    DS1302ศีภ๚สฑึำสตั้" - 0 Error(s), 3 Warning(s).
Build target 'Target 1'
compiling สตั้สฎฮๅ    DS1302ศีภ๚สฑึำสตั้.c...
linking...
Program Size: data=34.1 xdata=0 code=577
creating hex file from "สตั้สฎฮๅ    DS1302ศีภ๚สฑึำสตั้"...
"สตั้สฎฮๅ    DS1302ศีภ๚สฑึำสตั้" - 0 Error(s), 0 Warning(s).
Build target 'Target 1'
compiling สตั้สฎฮๅ    DS1302ศีภ๚สฑึำสตั้.c...
linking...
Program Size: data=34.1 xdata=0 code=577
creating hex file from "สตั้สฎฮๅ    DS1302ศีภ๚สฑึำสตั้"...
"สตั้สฎฮๅ    DS1302ศีภ๚สฑึำสตั้" - 0 Error(s), 0 Warning(s).
Build target 'Target 1'
compiling สตั้สฎฮๅ    DS1302ศีภ๚สฑึำสตั้.c...
linking...
Program Size: data=34.1 xdata=0 code=585
creating hex file from "สตั้สฎฮๅ    DS1302ศีภ๚สฑึำสตั้"...
"สตั้สฎฮๅ    DS1302ศีภ๚สฑึำสตั้" - 0 Error(s), 0 Warning(s).
Build target 'Target 1'
compiling สตั้สฎฮๅ    DS1302ศีภ๚สฑึำสตั้.c...
linking...
Program Size: data=34.1 xdata=0 code=585
creating hex file from "สตั้สฎฮๅ    DS1302ศีภ๚สฑึำสตั้"...
"สตั้สฎฮๅ    DS1302ศีภ๚สฑึำสตั้" - 0 Error(s), 0 Warning(s).
Build target 'Target 1'
compiling สตั้สฎฮๅ    DS1302ศีภ๚สฑึำสตั้.c...
linking...
Program Size: data=34.1 xdata=0 code=585
creating hex file from "สตั้สฎฮๅ    DS1302ศีภ๚สฑึำสตั้"...
"สตั้สฎฮๅ    DS1302ศีภ๚สฑึำสตั้" - 0 Error(s), 0 Warning(s).
Build target 'Target 1'
compiling สตั้สฎฮๅ    DS1302ศีภ๚สฑึำสตั้.c...
สตั้สฎฮๅ    DS1302ศีภ๚สฑึำสตั้.C(168): error C202: 'Keyend': undefined identifier
Target not created
Build target 'Target 1'
compiling สตั้สฎฮๅ    DS1302ศีภ๚สฑึำสตั้.c...
สตั้สฎฮๅ    DS1302ศีภ๚สฑึำสตั้.C(168): error C202: 'Keyend': undefined identifier
Target not created
Build target 'Target 1'
compiling สตั้สฎฮๅ    DS1302ศีภ๚สฑึำสตั้.c...
สตั้สฎฮๅ    DS1302ศีภ๚สฑึำสตั้.C(168): error C202: 'Keyend': undefined identifier
Target not created
Build target 'Target 1'
compiling สตั้สฎฮๅ    DS1302ศีภ๚สฑึำสตั้.c...
linking...
Program Size: data=34.1 xdata=0 code=583
creating hex file from "สตั้สฎฮๅ    DS1302ศีภ๚สฑึำสตั้"...
"สตั้สฎฮๅ    DS1302ศีภ๚สฑึำสตั้" - 0 Error(s), 0 Warning(s).
Build target 'Target 1'
compiling สตั้สฎฮๅ    DS1302ศีภ๚สฑึำสตั้.c...
linking...
Program Size: data=34.1 xdata=0 code=583
creating hex file from "สตั้สฎฮๅ    DS1302ศีภ๚สฑึำสตั้"...
"สตั้สฎฮๅ    DS1302ศีภ๚สฑึำสตั้" - 0 Error(s), 0 Warning(s).
Build target 'Target 1'
compiling สตั้สฎฮๅ    DS1302ศีภ๚สฑึำสตั้.c...
linking...
Program Size: data=34.1 xdata=0 code=583
creating hex file from "สตั้สฎฮๅ    DS1302ศีภ๚สฑึำสตั้"...
"สตั้สฎฮๅ    DS1302ศีภ๚สฑึำสตั้" - 0 Error(s), 0 Warning(s).
Build target 'Target 1'
compiling สตั้สฎฮๅ    DS1302ศีภ๚สฑึำสตั้.c...
linking...
*** WARNING L16: UNCALLED SEGMENT, IGNORED FOR OVERLAY PROCESS
    SEGMENT: ?PR?OSCCTRL?สตั้สฎฮๅ____DS1302ศีภ_สฑ_ำสตั้
Program Size: data=34.1 xdata=0 code=578
creating hex file from "สตั้สฎฮๅ    DS1302ศีภ๚สฑึำสตั้"...
"สตั้สฎฮๅ    DS1302ศีภ๚สฑึำสตั้" - 0 Error(s), 1 Warning(s).
Build target 'Target 1'
compiling สตั้สฎฮๅ    DS1302ศีภ๚สฑึำสตั้.c...
linking...
*** WARNING L16: UNCALLED SEGMENT, IGNORED FOR OVERLAY PROCESS
    SEGMENT: ?PR?OSCCTRL?สตั้สฎฮๅ____DS1302ศีภ_สฑ_ำสตั้
Program Size: data=34.1 xdata=0 code=578
creating hex file from "สตั้สฎฮๅ    DS1302ศีภ๚สฑึำสตั้"...
"สตั้สฎฮๅ    DS1302ศีภ๚สฑึำสตั้" - 0 Error(s), 1 Warning(s).
Build target 'Target 1'
compiling สตั้สฎฮๅ    DS1302ศีภ๚สฑึำสตั้.c...
linking...
*** WARNING L16: UNCALLED SEGMENT, IGNORED FOR OVERLAY PROCESS
    SEGMENT: ?PR?OSCCTRL?สตั้สฎฮๅ____DS1302ศีภ_สฑ_ำสตั้
Program Size: data=34.1 xdata=0 code=578
creating hex file from "สตั้สฎฮๅ    DS1302ศีภ๚สฑึำสตั้"...
"สตั้สฎฮๅ    DS1302ศีภ๚สฑึำสตั้" - 0 Error(s), 1 Warning(s).
Build target 'Target 1'
compiling สตั้สฎฮๅ    DS1302ศีภ๚สฑึำสตั้.c...
linking...
Program Size: data=34.1 xdata=0 code=583
creating hex file from "สตั้สฎฮๅ    DS1302ศีภ๚สฑึำสตั้"...
"สตั้สฎฮๅ    DS1302ศีภ๚สฑึำสตั้" - 0 Error(s), 0 Warning(s).
Build target 'Target 1'
compiling สตั้สฎฮๅ    DS1302ศีภ๚สฑึำสตั้.c...
linking...
Program Size: data=34.1 xdata=0 code=583
creating hex file from "สตั้สฎฮๅ    DS1302ศีภ๚สฑึำสตั้"...
"สตั้สฎฮๅ    DS1302ศีภ๚สฑึำสตั้" - 0 Error(s), 0 Warning(s).
Build target 'Target 1'
compiling สตั้สฎฮๅ    DS1302ศีภ๚สฑึำสตั้.c...
linking...
Program Size: data=34.1 xdata=0 code=583
creating hex file from "สตั้สฎฮๅ    DS1302ศีภ๚สฑึำสตั้"...
"สตั้สฎฮๅ    DS1302ศีภ๚สฑึำสตั้" - 0 Error(s), 0 Warning(s).
Build target 'Target 1'
compiling สตั้สฎฮๅ    DS1302ศีภ๚สฑึำสตั้.c...
linking...
Program Size: data=34.1 xdata=0 code=583
creating hex file from "สตั้สฎฮๅ    DS1302ศีภ๚สฑึำสตั้"...
"สตั้สฎฮๅ    DS1302ศีภ๚สฑึำสตั้" - 0 Error(s), 0 Warning(s).
Build target 'Target 1'
compiling สตั้สฎฮๅ    DS1302ศีภ๚สฑึำสตั้.c...
linking...
Program Size: data=34.1 xdata=0 code=583
creating hex file from "สตั้สฎฮๅ    DS1302ศีภ๚สฑึำสตั้"...
"สตั้สฎฮๅ    DS1302ศีภ๚สฑึำสตั้" - 0 Error(s), 0 Warning(s).
Build target 'Target 1'
compiling สตั้สฎฮๅ    DS1302ศีภ๚สฑึำสตั้.c...
linking...
Program Size: data=34.0 xdata=0 code=563
creating hex file from "สตั้สฎฮๅ    DS1302ศีภ๚สฑึำสตั้"...
"สตั้สฎฮๅ    DS1302ศีภ๚สฑึำสตั้" - 0 Error(s), 0 Warning(s).
Build target 'Target 1'
compiling สตั้สฎฮๅ    DS1302ศีภ๚สฑึำสตั้.c...
linking...
Program Size: data=34.0 xdata=0 code=563
creating hex file from "สตั้สฎฮๅ    DS1302ศีภ๚สฑึำสตั้"...
"สตั้สฎฮๅ    DS1302ศีภ๚สฑึำสตั้" - 0 Error(s), 0 Warning(s).
Build target 'Target 1'
compiling สตั้สฎฮๅ    DS1302ศีภ๚สฑึำสตั้.c...
linking...
*** WARNING L16: UNCALLED SEGMENT, IGNORED FOR OVERLAY PROCESS
    SEGMENT: ?PR?DS1302_SETTIME?สตั้สฎฮๅ____DS1302ศีภ_สฑ_ำสตั้
Program Size: data=34.0 xdata=0 code=560
creating hex file from "สตั้สฎฮๅ    DS1302ศีภ๚สฑึำสตั้"...
"สตั้สฎฮๅ    DS1302ศีภ๚สฑึำสตั้" - 0 Error(s), 1 Warning(s).
Build target 'Target 1'
compiling สตั้สฎฮๅ    DS1302ศีภ๚สฑึำสตั้.c...
linking...
*** WARNING L16: UNCALLED SEGMENT, IGNORED FOR OVERLAY PROCESS
    SEGMENT: ?PR?DS1302_SETTIME?สตั้สฎฮๅ____DS1302ศีภ_สฑ_ำสตั้
Program Size: data=34.0 xdata=0 code=560
creating hex file from "สตั้สฎฮๅ    DS1302ศีภ๚สฑึำสตั้"...
"สตั้สฎฮๅ    DS1302ศีภ๚สฑึำสตั้" - 0 Error(s), 1 Warning(s).
Build target 'Target 1'
compiling สตั้สฎฮๅ    DS1302ศีภ๚สฑึำสตั้.c...
linking...
Program Size: data=34.0 xdata=0 code=573
creating hex file from "สตั้สฎฮๅ    DS1302ศีภ๚สฑึำสตั้"...
"สตั้สฎฮๅ    DS1302ศีภ๚สฑึำสตั้" - 0 Error(s), 0 Warning(s).
Build target 'Target 1'
compiling สตั้สฎฮๅ    DS1302ศีภ๚สฑึำสตั้.c...
linking...
Program Size: data=34.0 xdata=0 code=573
creating hex file from "สตั้สฎฮๅ    DS1302ศีภ๚สฑึำสตั้"...
"สตั้สฎฮๅ    DS1302ศีภ๚สฑึำสตั้" - 0 Error(s), 0 Warning(s).
Build target 'Target 1'
compiling สตั้สฎฮๅ    DS1302ศีภ๚สฑึำสตั้.c...
linking...
Program Size: data=34.0 xdata=0 code=563
creating hex file from "สตั้สฎฮๅ    DS1302ศีภ๚สฑึำสตั้"...
"สตั้สฎฮๅ    DS1302ศีภ๚สฑึำสตั้" - 0 Error(s), 0 Warning(s).
Build target 'Target 1'
compiling สตั้สฎฮๅ    DS1302ศีภ๚สฑึำสตั้.c...
linking...
Program Size: data=34.0 xdata=0 code=563
creating hex file from "สตั้สฎฮๅ    DS1302ศีภ๚สฑึำสตั้"...
"สตั้สฎฮๅ    DS1302ศีภ๚สฑึำสตั้" - 0 Error(s), 0 Warning(s).
Build target 'Target 1'
compiling สตั้สฎฮๅ    DS1302ศีภ๚สฑึำสตั้.c...
สตั้สฎฮๅ    DS1302ศีภ๚สฑึำสตั้.C(15): error C100: unprintable character 0xA3 skipped
สตั้สฎฮๅ    DS1302ศีภ๚สฑึำสตั้.C(15): error C100: unprintable character 0xA3 skipped
สตั้สฎฮๅ    DS1302ศีภ๚สฑึำสตั้.C(15): error C129: missing ';' before 'nclude'
Target not created
Build target 'Target 1'
compiling สตั้สฎฮๅ    DS1302ศีภ๚สฑึำสตั้.c...
linking...
Program Size: data=34.1 xdata=0 code=665
creating hex file from "สตั้สฎฮๅ    DS1302ศีภ๚สฑึำสตั้"...
"สตั้สฎฮๅ    DS1302ศีภ๚สฑึำสตั้" - 0 Error(s), 0 Warning(s).
Build target 'Target 1'
compiling สตั้สฎฮๅ    DS1302ศีภ๚สฑึำสตั้.c...
linking...
Program Size: data=34.1 xdata=0 code=665
creating hex file from "สตั้สฎฮๅ    DS1302ศีภ๚สฑึำสตั้"...
"สตั้สฎฮๅ    DS1302ศีภ๚สฑึำสตั้" - 0 Error(s), 0 Warning(s).
Build target 'Target 1'
compiling สตั้สฎฮๅ    DS1302ศีภ๚สฑึำสตั้.c...
linking...
Program Size: data=34.0 xdata=0 code=563
creating hex file from "สตั้สฎฮๅ    DS1302ศีภ๚สฑึำสตั้"...
"สตั้สฎฮๅ    DS1302ศีภ๚สฑึำสตั้" - 0 Error(s), 0 Warning(s).
Build target 'Target 1'
Target has no object modules
Target not created
Build target 'Target 1'
Target has no object modules
Target not created
Build target 'Target 1'
compiling DS1302สฑึำะพฦฌสตั้2.C...
DS1302สฑึำะพฦฌสตั้2.C(141): warning C206: 'OutputByte': missing function-prototype
linking...
Program Size: data=23.0 xdata=0 code=477
creating hex file from "สตั้สฎฮๅ    DS1302ศีภ๚สฑึำสตั้"...
"สตั้สฎฮๅ    DS1302ศีภ๚สฑึำสตั้" - 0 Error(s), 1 Warning(s).
Build target 'Target 1'
compiling DS1302สฑึำะพฦฌสตั้2.C...
DS1302สฑึำะพฦฌสตั้2.C(141): warning C206: 'OutputByte': missing function-prototype
linking...
Program Size: data=23.0 xdata=0 code=477
creating hex file from "สตั้สฎฮๅ    DS1302ศีภ๚สฑึำสตั้"...
"สตั้สฎฮๅ    DS1302ศีภ๚สฑึำสตั้" - 0 Error(s), 1 Warning(s).
Build target 'Target 1'
compiling DS1302สฑึำะพฦฌสตั้2.C...
DS1302สฑึำะพฦฌสตั้2.C(141): warning C206: 'OutputByte': missing function-prototype
linking...
Program Size: data=23.0 xdata=0 code=477
creating hex file from "สตั้สฎฮๅ    DS1302ศีภ๚สฑึำสตั้"...
"สตั้สฎฮๅ    DS1302ศีภ๚สฑึำสตั้" - 0 Error(s), 1 Warning(s).
Build target 'Target 1'
compiling DS1302สฑึำะพฦฌสตั้2.C...
DS1302สฑึำะพฦฌสตั้2.C(141): warning C206: 'OutputByte': missing function-prototype
linking...
Program Size: data=23.0 xdata=0 code=477
creating hex file from "สตั้สฎฮๅ    DS1302ศีภ๚สฑึำสตั้"...
"สตั้สฎฮๅ    DS1302ศีภ๚สฑึำสตั้" - 0 Error(s), 1 Warning(s).
Build target 'Target 1'
compiling DS1302สฑึำะพฦฌสตั้2.C...
DS1302สฑึำะพฦฌสตั้2.C(126): warning C206: 'OutputByte': missing function-prototype
linking...
Program Size: data=23.0 xdata=0 code=443
creating hex file from "สตั้สฎฮๅ    DS1302ศีภ๚สฑึำสตั้"...
"สตั้สฎฮๅ    DS1302ศีภ๚สฑึำสตั้" - 0 Error(s), 1 Warning(s).
Build target 'Target 1'
compiling DS1302สฑึำะพฦฌสตั้2.C...
DS1302สฑึำะพฦฌสตั้2.C(126): warning C206: 'OutputByte': missing function-prototype
linking...
Program Size: data=23.0 xdata=0 code=443
creating hex file from "สตั้สฎฮๅ    DS1302ศีภ๚สฑึำสตั้"...
"สตั้สฎฮๅ    DS1302ศีภ๚สฑึำสตั้" - 0 Error(s), 1 Warning(s).
Build target 'Target 1'
compiling DS1302สฑึำะพฦฌสตั้2.C...
DS1302สฑึำะพฦฌสตั้2.C(126): warning C206: 'OutputByte': missing function-prototype
linking...
Program Size: data=23.0 xdata=0 code=443
creating hex file from "สตั้สฎฮๅ    DS1302ศีภ๚สฑึำสตั้"...
"สตั้สฎฮๅ    DS1302ศีภ๚สฑึำสตั้" - 0 Error(s), 1 Warning(s).
Build target 'Target 1'
compiling DS1302สฑึำะพฦฌสตั้2.C...
DS1302สฑึำะพฦฌสตั้2.C(126): warning C206: 'OutputByte': missing function-prototype
linking...
Program Size: data=23.0 xdata=0 code=443
creating hex file from "สตั้สฎฮๅ    DS1302ศีภ๚สฑึำสตั้"...
"สตั้สฎฮๅ    DS1302ศีภ๚สฑึำสตั้" - 0 Error(s), 1 Warning(s).
Build target 'Target 1'
compiling DS1302สฑึำะพฦฌสตั้2.C...
DS1302สฑึำะพฦฌสตั้2.C(126): warning C206: 'OutputByte': missing function-prototype
linking...
Program Size: data=23.0 xdata=0 code=443
creating hex file from "สตั้สฎฮๅ    DS1302ศีภ๚สฑึำสตั้"...
"สตั้สฎฮๅ    DS1302ศีภ๚สฑึำสตั้" - 0 Error(s), 1 Warning(s).
Build target 'Target 1'
compiling DS1302สฑึำะพฦฌสตั้2.C...
DS1302สฑึำะพฦฌสตั้2.C(126): warning C206: 'OutputByte': missing function-prototype
linking...
Program Size: data=23.0 xdata=0 code=450
creating hex file from "สตั้สฎฮๅ    DS1302ศีภ๚สฑึำสตั้"...
"สตั้สฎฮๅ    DS1302ศีภ๚สฑึำสตั้" - 0 Error(s), 1 Warning(s).
Build target 'Target 1'
compiling DS1302สฑึำะพฦฌสตั้2.C...
DS1302สฑึำะพฦฌสตั้2.C(126): warning C206: 'OutputByte': missing function-prototype
linking...
Program Size: data=23.0 xdata=0 code=450
creating hex file from "สตั้สฎฮๅ    DS1302ศีภ๚สฑึำสตั้"...
"สตั้สฎฮๅ    DS1302ศีภ๚สฑึำสตั้" - 0 Error(s), 1 Warning(s).
Build target 'Target 1'
compiling DS1302สฑึำะพฦฌสตั้2.C...
DS1302สฑึำะพฦฌสตั้2.C(126): warning C206: 'OutputByte': missing function-prototype
linking...
Program Size: data=23.0 xdata=0 code=450
creating hex file from "สตั้สฎฮๅ    DS1302ศีภ๚สฑึำสตั้"...
"สตั้สฎฮๅ    DS1302ศีภ๚สฑึำสตั้" - 0 Error(s), 1 Warning(s).
Build target 'Target 1'
compiling DS1302สฑึำะพฦฌสตั้2.C...
DS1302สฑึำะพฦฌสตั้2.C(126): warning C206: 'OutputByte': missing function-prototype
linking...
Program Size: data=23.0 xdata=0 code=450
creating hex file from "สตั้สฎฮๅ    DS1302ศีภ๚สฑึำสตั้"...
"สตั้สฎฮๅ    DS1302ศีภ๚สฑึำสตั้" - 0 Error(s), 1 Warning(s).
Build target 'Target 1'
compiling DS1302สฑึำะพฦฌสตั้2.C...
DS1302สฑึำะพฦฌสตั้2.C(125): warning C206: 'OutputByte': missing function-prototype
linking...
Program Size: data=23.0 xdata=0 code=450
creating hex file from "สตั้สฎฮๅ    DS1302ศีภ๚สฑึำสตั้"...
"สตั้สฎฮๅ    DS1302ศีภ๚สฑึำสตั้" - 0 Error(s), 1 Warning(s).
Build target 'Target 1'
compiling DS1302สฑึำะพฦฌสตั้2.C...
DS1302สฑึำะพฦฌสตั้2.C(147): warning C206: 'OutputByte': missing function-prototype
linking...
Program Size: data=23.0 xdata=0 code=450
creating hex file from "สตั้สฎฮๅ    DS1302ศีภ๚สฑึำสตั้"...
"สตั้สฎฮๅ    DS1302ศีภ๚สฑึำสตั้" - 0 Error(s), 1 Warning(s).
Build target 'Target 1'
compiling DS1302สฑึำะพฦฌสตั้2.C...
DS1302สฑึำะพฦฌสตั้2.C(147): warning C206: 'OutputByte': missing function-prototype
linking...
Program Size: data=23.0 xdata=0 code=450
creating hex file from "สตั้สฎฮๅ    DS1302ศีภ๚สฑึำสตั้"...
"สตั้สฎฮๅ    DS1302ศีภ๚สฑึำสตั้" - 0 Error(s), 1 Warning(s).
Build target 'Target 1'
compiling DS1302สฑึำะพฦฌสตั้2.C...
DS1302สฑึำะพฦฌสตั้2.C(147): warning C206: 'OutputByte': missing function-prototype
linking...
Program Size: data=23.0 xdata=0 code=450
creating hex file from "สตั้สฎฮๅ    DS1302ศีภ๚สฑึำสตั้"...
"สตั้สฎฮๅ    DS1302ศีภ๚สฑึำสตั้" - 0 Error(s), 1 Warning(s).
Build target 'Target 1'
compiling DS1302สฑึำะพฦฌสตั้2.C...
DS1302สฑึำะพฦฌสตั้2.C(147): warning C206: 'OutputByte': missing function-prototype
linking...
Program Size: data=23.0 xdata=0 code=450
creating hex file from "สตั้สฎฮๅ    DS1302ศีภ๚สฑึำสตั้"...
"สตั้สฎฮๅ    DS1302ศีภ๚สฑึำสตั้" - 0 Error(s), 1 Warning(s).
Build target 'Target 1'
compiling DS1302สฑึำะพฦฌสตั้2.C...
DS1302สฑึำะพฦฌสตั้2.C(147): warning C206: 'OutputByte': missing function-prototype
linking...
Program Size: data=23.0 xdata=0 code=450
creating hex file from "สตั้สฎฮๅ    DS1302ศีภ๚สฑึำสตั้"...
"สตั้สฎฮๅ    DS1302ศีภ๚สฑึำสตั้" - 0 Error(s), 1 Warning(s).
Build target 'Target 1'
compiling DS1302สฑึำะพฦฌสตั้2.C...
DS1302สฑึำะพฦฌสตั้2.C(147): warning C206: 'OutputByte': missing function-prototype
linking...
Program Size: data=23.0 xdata=0 code=450
creating hex file from "สตั้สฎฮๅ    DS1302ศีภ๚สฑึำสตั้"...
"สตั้สฎฮๅ    DS1302ศีภ๚สฑึำสตั้" - 0 Error(s), 1 Warning(s).
Build target 'Target 1'
compiling DS1302สฑึำะพฦฌสตั้2.C...
DS1302สฑึำะพฦฌสตั้2.C(147): warning C206: 'OutputByte': missing function-prototype
linking...
Program Size: data=23.0 xdata=0 code=450
creating hex file from "สตั้สฎฮๅ    DS1302ศีภ๚สฑึำสตั้"...
"สตั้สฎฮๅ    DS1302ศีภ๚สฑึำสตั้" - 0 Error(s), 1 Warning(s).
Build target 'Target 1'
compiling DS1302สฑึำะพฦฌสตั้2.C...
DS1302สฑึำะพฦฌสตั้2.C(147): warning C206: 'OutputByte': missing function-prototype
linking...
Program Size: data=23.0 xdata=0 code=446
creating hex file from "สตั้สฎฮๅ    DS1302ศีภ๚สฑึำสตั้"...
"สตั้สฎฮๅ    DS1302ศีภ๚สฑึำสตั้" - 0 Error(s), 1 Warning(s).
Build target 'Target 1'
compiling DS1302สฑึำะพฦฌสตั้2.C...
DS1302สฑึำะพฦฌสตั้2.C(147): warning C206: 'OutputByte': missing function-prototype
linking...
Program Size: data=23.0 xdata=0 code=446
creating hex file from "สตั้สฎฮๅ    DS1302ศีภ๚สฑึำสตั้"...
"สตั้สฎฮๅ    DS1302ศีภ๚สฑึำสตั้" - 0 Error(s), 1 Warning(s).
Build target 'Target 1'
compiling DS1302สฑึำะพฦฌสตั้2.C...
DS1302สฑึำะพฦฌสตั้2.C(147): warning C206: 'OutputByte': missing function-prototype
linking...
Program Size: data=23.0 xdata=0 code=446
creating hex file from "สตั้สฎฮๅ    DS1302ศีภ๚สฑึำสตั้"...
"สตั้สฎฮๅ    DS1302ศีภ๚สฑึำสตั้" - 0 Error(s), 1 Warning(s).
